<?xml version="1.0" encoding="UTF-8"?>
<!-- Generated by org.testng.reporters.JUnitReportReporter -->
<testsuite hostname="DESKTOP-T9QN3PE" failures="0" tests="3" name="com.testngdemo.test1" time="44.727" errors="0" timestamp="2022-11-22T23:31:43 IST" skipped="0">
  <testcase classname="com.testngdemo.test1" name="signup" time="14.527"/>
  <system-out/>
  <testcase classname="com.testngdemo.test1" name="signup" time="14.644"/>
  <system-out/>
  <testcase classname="com.testngdemo.test1" name="signup" time="15.556"/>
  <system-out/>
</testsuite> <!-- com.testngdemo.test1 -->
