<?xml version="1.0" encoding="UTF-8"?>
<!-- Generated by org.testng.reporters.JUnitReportReporter -->
<testsuite hostname="DESKTOP-T9QN3PE" failures="0" tests="1" name="com.testngdemo.test3" time="15.195" errors="0" timestamp="2022-11-23T00:17:26 IST" skipped="0">
  <testcase classname="com.testngdemo.test3" name="instalaunch" time="15.195"/>
  <system-out/>
</testsuite> <!-- com.testngdemo.test3 -->
